2019-08-01 10:04:02,723 [Worker-3: Loading available Gradle versions] INFO  o.e.b.c.i.u.g.PublishedGradleVersions - Gradle version information cache is up-to-date. Trying to read.
2019-08-01 10:04:30,799 [ModalContext] INFO  o.a.s.c.u.s.e.EdDSASecurityProviderRegistrar - getOrCreateProvider(EdDSA) created instance of net.i2p.crypto.eddsa.EdDSASecurityProvider
2019-08-01 10:04:31,011 [ModalContext] INFO  o.a.s.c.i.DefaultIoServiceFactoryFactory - No detected/configured IoServiceFactoryFactory using Nio2ServiceFactoryFactory
2019-08-01 10:04:45,743 [main] WARN  org.eclipse.jgit.util.FS - C:\Program Files\Git\mingw64\etc\.probe-8c5edadc-adb7-40a8-8c59-83872511603d
java.nio.file.AccessDeniedException: C:\Program Files\Git\mingw64\etc\.probe-8c5edadc-adb7-40a8-8c59-83872511603d
	at sun.nio.fs.WindowsException.translateToIOException(WindowsException.java:83) ~[na:1.8.0_211]
	at sun.nio.fs.WindowsException.rethrowAsIOException(WindowsException.java:97) ~[na:1.8.0_211]
	at sun.nio.fs.WindowsException.rethrowAsIOException(WindowsException.java:102) ~[na:1.8.0_211]
	at sun.nio.fs.WindowsFileSystemProvider.newByteChannel(WindowsFileSystemProvider.java:230) ~[na:1.8.0_211]
	at java.nio.file.Files.newByteChannel(Files.java:361) ~[na:1.8.0_211]
	at java.nio.file.Files.createFile(Files.java:632) ~[na:1.8.0_211]
	at org.eclipse.jgit.util.FS$FileStoreAttributeCache.<init>(FS.java:234) ~[org.eclipse.jgit_5.4.0.201906121030-r.jar:5.4.0.201906121030-r]
	at org.eclipse.jgit.util.FS$FileStoreAttributeCache.getFsTimestampResolution(FS.java:211) ~[org.eclipse.jgit_5.4.0.201906121030-r.jar:5.4.0.201906121030-r]
	at org.eclipse.jgit.util.FS.getFsTimerResolution(FS.java:321) [org.eclipse.jgit_5.4.0.201906121030-r.jar:5.4.0.201906121030-r]
	at org.eclipse.jgit.internal.storage.file.FileSnapshot.<init>(FileSnapshot.java:186) [org.eclipse.jgit_5.4.0.201906121030-r.jar:5.4.0.201906121030-r]
	at org.eclipse.jgit.internal.storage.file.FileSnapshot.save(FileSnapshot.java:122) [org.eclipse.jgit_5.4.0.201906121030-r.jar:5.4.0.201906121030-r]
	at org.eclipse.jgit.storage.file.FileBasedConfig.load(FileBasedConfig.java:156) [org.eclipse.jgit_5.4.0.201906121030-r.jar:5.4.0.201906121030-r]
	at org.eclipse.jgit.internal.storage.file.FileRepository.loadSystemConfig(FileRepository.java:245) [org.eclipse.jgit_5.4.0.201906121030-r.jar:5.4.0.201906121030-r]
	at org.eclipse.jgit.internal.storage.file.FileRepository.<init>(FileRepository.java:203) [org.eclipse.jgit_5.4.0.201906121030-r.jar:5.4.0.201906121030-r]
	at org.eclipse.jgit.storage.file.FileRepositoryBuilder.build(FileRepositoryBuilder.java:88) [org.eclipse.jgit_5.4.0.201906121030-r.jar:5.4.0.201906121030-r]
	at org.eclipse.jgit.storage.file.FileRepositoryBuilder.create(FileRepositoryBuilder.java:108) [org.eclipse.jgit_5.4.0.201906121030-r.jar:5.4.0.201906121030-r]
	at org.eclipse.egit.core.RepositoryCache.lookupRepository(RepositoryCache.java:58) [org.eclipse.egit.core_5.4.0.201906121030-r.jar:na]
	at org.eclipse.egit.ui.internal.clone.GitImportWizard.getTargetRepository(GitImportWizard.java:191) [org.eclipse.egit.ui_5.4.0.201906121030-r.jar:na]
	at org.eclipse.egit.ui.internal.clone.GitImportWizard.getNextPage(GitImportWizard.java:166) [org.eclipse.egit.ui_5.4.0.201906121030-r.jar:na]
	at org.eclipse.jface.wizard.WizardPage.getNextPage(WizardPage.java:171) [org.eclipse.jface_3.16.0.v20190528-0922.jar:na]
	at org.eclipse.jface.wizard.WizardPage.canFlipToNextPage(WizardPage.java:121) [org.eclipse.jface_3.16.0.v20190528-0922.jar:na]
	at org.eclipse.jface.wizard.WizardDialog.updateButtons(WizardDialog.java:1339) [org.eclipse.jface_3.16.0.v20190528-0922.jar:na]
	at org.eclipse.jface.wizard.WizardPage.setPageComplete(WizardPage.java:298) [org.eclipse.jface_3.16.0.v20190528-0922.jar:na]
	at org.eclipse.egit.ui.internal.clone.CloneDestinationPage.checkPage(CloneDestinationPage.java:405) [org.eclipse.egit.ui_5.4.0.201906121030-r.jar:na]
	at org.eclipse.egit.ui.internal.clone.CloneDestinationPage.revalidate(CloneDestinationPage.java:466) [org.eclipse.egit.ui_5.4.0.201906121030-r.jar:na]
	at org.eclipse.egit.ui.internal.clone.CloneDestinationPage.setSelection(CloneDestinationPage.java:144) [org.eclipse.egit.ui_5.4.0.201906121030-r.jar:na]
	at org.eclipse.egit.ui.internal.clone.AbstractGitCloneWizard$2.setVisible(AbstractGitCloneWizard.java:145) [org.eclipse.egit.ui_5.4.0.201906121030-r.jar:na]
	at org.eclipse.jface.wizard.WizardDialog.updateForPage(WizardDialog.java:1254) [org.eclipse.jface_3.16.0.v20190528-0922.jar:na]
	at org.eclipse.jface.wizard.WizardDialog.lambda$3(WizardDialog.java:1224) [org.eclipse.jface_3.16.0.v20190528-0922.jar:na]
	at org.eclipse.swt.custom.BusyIndicator.showWhile(BusyIndicator.java:72) ~[org.eclipse.swt.win32.win32.x86_64_3.111.0.v20190605-1801.jar:na]
	at org.eclipse.jface.wizard.WizardDialog.showPage(WizardDialog.java:1224) [org.eclipse.jface_3.16.0.v20190528-0922.jar:na]
	at org.eclipse.jface.wizard.WizardDialog.nextPressed(WizardDialog.java:919) [org.eclipse.jface_3.16.0.v20190528-0922.jar:na]
	at org.eclipse.jface.wizard.WizardDialog.buttonPressed(WizardDialog.java:468) [org.eclipse.jface_3.16.0.v20190528-0922.jar:na]
	at org.eclipse.jface.dialogs.Dialog.lambda$0(Dialog.java:622) ~[org.eclipse.jface_3.16.0.v20190528-0922.jar:na]
	at org.eclipse.swt.events.SelectionListener$1.widgetSelected(SelectionListener.java:84) ~[org.eclipse.swt.win32.win32.x86_64_3.111.0.v20190605-1801.jar:na]
	at org.eclipse.swt.widgets.TypedListener.handleEvent(TypedListener.java:252) ~[org.eclipse.swt.win32.win32.x86_64_3.111.0.v20190605-1801.jar:na]
	at org.eclipse.swt.widgets.EventTable.sendEvent(EventTable.java:89) ~[org.eclipse.swt.win32.win32.x86_64_3.111.0.v20190605-1801.jar:na]
	at org.eclipse.swt.widgets.Display.sendEvent(Display.java:4131) ~[org.eclipse.swt.win32.win32.x86_64_3.111.0.v20190605-1801.jar:na]
	at org.eclipse.swt.widgets.Widget.sendEvent(Widget.java:1056) ~[org.eclipse.swt.win32.win32.x86_64_3.111.0.v20190605-1801.jar:na]
	at org.eclipse.swt.widgets.Display.runDeferredEvents(Display.java:3944) ~[org.eclipse.swt.win32.win32.x86_64_3.111.0.v20190605-1801.jar:na]
	at org.eclipse.swt.widgets.Display.readAndDispatch(Display.java:3547) ~[org.eclipse.swt.win32.win32.x86_64_3.111.0.v20190605-1801.jar:na]
	at org.eclipse.jface.window.Window.runEventLoop(Window.java:823) ~[org.eclipse.jface_3.16.0.v20190528-0922.jar:na]
	at org.eclipse.jface.window.Window.open(Window.java:799) ~[org.eclipse.jface_3.16.0.v20190528-0922.jar:na]
	at org.eclipse.ui.internal.handlers.WizardHandler.execute(WizardHandler.java:301) ~[na:na]
	at org.eclipse.ui.internal.handlers.HandlerProxy.execute(HandlerProxy.java:283) ~[na:na]
	at org.eclipse.ui.internal.handlers.E4HandlerProxy.execute(E4HandlerProxy.java:95) ~[na:na]
	at sun.reflect.NativeMethodAccessorImpl.invoke0(Native Method) ~[na:1.8.0_211]
	at sun.reflect.NativeMethodAccessorImpl.invoke(NativeMethodAccessorImpl.java:62) ~[na:1.8.0_211]
	at sun.reflect.DelegatingMethodAccessorImpl.invoke(DelegatingMethodAccessorImpl.java:43) ~[na:1.8.0_211]
	at java.lang.reflect.Method.invoke(Method.java:498) ~[na:1.8.0_211]
	at org.eclipse.e4.core.internal.di.MethodRequestor.execute(MethodRequestor.java:58) ~[na:na]
	at org.eclipse.e4.core.internal.di.InjectorImpl.invokeUsingClass(InjectorImpl.java:320) ~[na:na]
	at org.eclipse.e4.core.internal.di.InjectorImpl.invoke(InjectorImpl.java:254) ~[na:na]
	at org.eclipse.e4.core.contexts.ContextInjectionFactory.invoke(ContextInjectionFactory.java:173) ~[na:na]
	at org.eclipse.e4.core.commands.internal.HandlerServiceHandler.execute(HandlerServiceHandler.java:156) ~[na:na]
	at org.eclipse.core.commands.Command.executeWithChecks(Command.java:498) ~[org.eclipse.core.commands_3.9.400.v20190516-1358.jar:na]
	at org.eclipse.core.commands.ParameterizedCommand.executeWithChecks(ParameterizedCommand.java:488) ~[org.eclipse.core.commands_3.9.400.v20190516-1358.jar:na]
	at org.eclipse.e4.core.commands.internal.HandlerServiceImpl.executeHandler(HandlerServiceImpl.java:213) ~[na:na]
	at org.eclipse.ui.internal.handlers.LegacyHandlerService.executeCommand(LegacyHandlerService.java:392) ~[na:na]
	at org.eclipse.ui.internal.intro.impl.model.url.IntroURL.executeCommand(IntroURL.java:333) ~[na:na]
	at org.eclipse.ui.internal.intro.impl.model.url.IntroURL.doExecute(IntroURL.java:198) ~[na:na]
	at org.eclipse.ui.internal.intro.impl.model.url.IntroURL.lambda$0(IntroURL.java:146) ~[na:na]
	at org.eclipse.swt.custom.BusyIndicator.showWhile(BusyIndicator.java:72) ~[org.eclipse.swt.win32.win32.x86_64_3.111.0.v20190605-1801.jar:na]
	at org.eclipse.ui.internal.intro.impl.model.url.IntroURL.execute(IntroURL.java:146) ~[na:na]
	at org.eclipse.ui.internal.intro.impl.presentations.BrowserIntroPartLocationListener.changing(BrowserIntroPartLocationListener.java:130) ~[na:na]
	at org.eclipse.swt.browser.IE.lambda$6(IE.java:525) ~[org.eclipse.swt.win32.win32.x86_64_3.111.0.v20190605-1801.jar:na]
	at org.eclipse.swt.ole.win32.OleEventTable.sendEvent(OleEventTable.java:58) ~[org.eclipse.swt.win32.win32.x86_64_3.111.0.v20190605-1801.jar:na]
	at org.eclipse.swt.ole.win32.OleEventSink.notifyListener(OleEventSink.java:160) ~[org.eclipse.swt.win32.win32.x86_64_3.111.0.v20190605-1801.jar:na]
	at org.eclipse.swt.ole.win32.OleEventSink.Invoke(OleEventSink.java:128) ~[org.eclipse.swt.win32.win32.x86_64_3.111.0.v20190605-1801.jar:na]
	at org.eclipse.swt.ole.win32.OleEventSink.access$1(OleEventSink.java:105) ~[org.eclipse.swt.win32.win32.x86_64_3.111.0.v20190605-1801.jar:na]
	at org.eclipse.swt.ole.win32.OleEventSink$1.method6(OleEventSink.java:79) ~[org.eclipse.swt.win32.win32.x86_64_3.111.0.v20190605-1801.jar:na]
	at org.eclipse.swt.internal.ole.win32.COMObject.callback6(COMObject.java:122) ~[org.eclipse.swt.win32.win32.x86_64_3.111.0.v20190605-1801.jar:na]
	at org.eclipse.swt.internal.win32.OS.DispatchMessage(Native Method) ~[org.eclipse.swt.win32.win32.x86_64_3.111.0.v20190605-1801.jar:na]
	at org.eclipse.swt.widgets.Display.readAndDispatch(Display.java:3545) ~[org.eclipse.swt.win32.win32.x86_64_3.111.0.v20190605-1801.jar:na]
	at org.eclipse.e4.ui.internal.workbench.swt.PartRenderingEngine$5.run(PartRenderingEngine.java:1173) ~[na:na]
	at org.eclipse.core.databinding.observable.Realm.runWithDefault(Realm.java:338) ~[na:na]
	at org.eclipse.e4.ui.internal.workbench.swt.PartRenderingEngine.run(PartRenderingEngine.java:1062) ~[na:na]
	at org.eclipse.e4.ui.internal.workbench.E4Workbench.createAndRunUI(E4Workbench.java:155) ~[na:na]
	at org.eclipse.ui.internal.Workbench.lambda$3(Workbench.java:635) ~[na:na]
	at org.eclipse.core.databinding.observable.Realm.runWithDefault(Realm.java:338) ~[na:na]
	at org.eclipse.ui.internal.Workbench.createAndRunWorkbench(Workbench.java:559) ~[na:na]
	at org.eclipse.ui.PlatformUI.createAndRunWorkbench(PlatformUI.java:150) ~[na:na]
	at org.eclipse.ui.internal.ide.application.IDEApplication.start(IDEApplication.java:155) ~[na:na]
	at org.eclipse.equinox.internal.app.EclipseAppHandle.run(EclipseAppHandle.java:203) ~[org.eclipse.equinox.app_1.4.200.v20190516-1504.jar:na]
	at org.eclipse.core.runtime.internal.adaptor.EclipseAppLauncher.runApplication(EclipseAppLauncher.java:137) ~[org.eclipse.osgi_3.14.0.v20190517-1309.jar:na]
	at org.eclipse.core.runtime.internal.adaptor.EclipseAppLauncher.start(EclipseAppLauncher.java:107) ~[org.eclipse.osgi_3.14.0.v20190517-1309.jar:na]
	at org.eclipse.core.runtime.adaptor.EclipseStarter.run(EclipseStarter.java:400) ~[org.eclipse.osgi_3.14.0.v20190517-1309.jar:na]
	at org.eclipse.core.runtime.adaptor.EclipseStarter.run(EclipseStarter.java:255) ~[org.eclipse.osgi_3.14.0.v20190517-1309.jar:na]
	at sun.reflect.NativeMethodAccessorImpl.invoke0(Native Method) ~[na:1.8.0_211]
	at sun.reflect.NativeMethodAccessorImpl.invoke(NativeMethodAccessorImpl.java:62) ~[na:1.8.0_211]
	at sun.reflect.DelegatingMethodAccessorImpl.invoke(DelegatingMethodAccessorImpl.java:43) ~[na:1.8.0_211]
	at java.lang.reflect.Method.invoke(Method.java:498) ~[na:1.8.0_211]
	at org.eclipse.equinox.launcher.Main.invokeFramework(Main.java:660) ~[org.eclipse.equinox.launcher_1.5.400.v20190515-0925.jar:na]
	at org.eclipse.equinox.launcher.Main.basicRun(Main.java:597) ~[org.eclipse.equinox.launcher_1.5.400.v20190515-0925.jar:na]
	at org.eclipse.equinox.launcher.Main.run(Main.java:1468) ~[org.eclipse.equinox.launcher_1.5.400.v20190515-0925.jar:na]
	at org.eclipse.equinox.launcher.Main.main(Main.java:1441) ~[org.eclipse.equinox.launcher_1.5.400.v20190515-0925.jar:na]
<<<<<<< HEAD
2019-08-01 15:53:37,359 [Worker-0: Loading available Gradle versions] INFO  o.e.b.c.i.u.g.PublishedGradleVersions - Gradle version information cache is up-to-date. Trying to read.
=======
>>>>>>> db97f7062eece4c2653065ad89b8616a2f25c409
2019-08-01 19:20:12,838 [Worker-4: Loading available Gradle versions] INFO  o.e.b.c.i.u.g.PublishedGradleVersions - Gradle version information cache is up-to-date. Trying to read.
2019-08-01 19:21:43,828 [Worker-5: Loading available Gradle versions] INFO  o.e.b.c.i.u.g.PublishedGradleVersions - Gradle version information cache is up-to-date. Trying to read.
2019-08-01 19:28:28,147 [Worker-9: Loading available Gradle versions] INFO  o.e.b.c.i.u.g.PublishedGradleVersions - Gradle version information cache is up-to-date. Trying to read.
